[0.034s] Invoking command in '/home/user/ros2_ws/src/citylab_project/robot_patrol/build/robot_patrol': CMAKE_PREFIX_PATH=${CMAKE_PREFIX_PATH}:/home/simulations/ros2_sims_ws/install/rclrs_tests:/home/simulations/ros2_sims_ws/install/examples_rclrs_minimal_client_service:/home/simulations/ros2_sims_ws/install/sensor_msgs_py:/home/simulations/ros2_sims_ws/install/examples_rclrs_minimal_pub_sub:/home/simulations/ros2_sims_ws/install/examples_rclrs_message_demo:/home/simulations/ros2_sims_ws/install/rclrs:/home/simulations/ros2_sims_ws/install/rosidl_runtime_rs:/opt/ros/humble _=/usr/bin/env /usr/bin/cmake --build /home/user/ros2_ws/src/citylab_project/robot_patrol/build/robot_patrol -- -j8 -l8
[0.128s] [35m[1mConsolidate compiler generated dependencies of target patrol_node[0m
[0.173s] [ 50%] [32mBuilding CXX object CMakeFiles/patrol_node.dir/src/patrol.cpp.o[0m
[12.193s] [100%] [32m[1mLinking CXX executable patrol_node[0m
[12.664s] [100%] Built target patrol_node
[12.684s] Invoked command in '/home/user/ros2_ws/src/citylab_project/robot_patrol/build/robot_patrol' returned '0': CMAKE_PREFIX_PATH=${CMAKE_PREFIX_PATH}:/home/simulations/ros2_sims_ws/install/rclrs_tests:/home/simulations/ros2_sims_ws/install/examples_rclrs_minimal_client_service:/home/simulations/ros2_sims_ws/install/sensor_msgs_py:/home/simulations/ros2_sims_ws/install/examples_rclrs_minimal_pub_sub:/home/simulations/ros2_sims_ws/install/examples_rclrs_message_demo:/home/simulations/ros2_sims_ws/install/rclrs:/home/simulations/ros2_sims_ws/install/rosidl_runtime_rs:/opt/ros/humble _=/usr/bin/env /usr/bin/cmake --build /home/user/ros2_ws/src/citylab_project/robot_patrol/build/robot_patrol -- -j8 -l8
[12.805s] Invoking command in '/home/user/ros2_ws/src/citylab_project/robot_patrol/build/robot_patrol': CMAKE_PREFIX_PATH=${CMAKE_PREFIX_PATH}:/home/simulations/ros2_sims_ws/install/rclrs_tests:/home/simulations/ros2_sims_ws/install/examples_rclrs_minimal_client_service:/home/simulations/ros2_sims_ws/install/sensor_msgs_py:/home/simulations/ros2_sims_ws/install/examples_rclrs_minimal_pub_sub:/home/simulations/ros2_sims_ws/install/examples_rclrs_message_demo:/home/simulations/ros2_sims_ws/install/rclrs:/home/simulations/ros2_sims_ws/install/rosidl_runtime_rs:/opt/ros/humble _=/usr/bin/env /usr/bin/cmake --install /home/user/ros2_ws/src/citylab_project/robot_patrol/build/robot_patrol
[12.815s] -- Install configuration: ""
[12.815s] -- Installing: /home/user/ros2_ws/src/citylab_project/robot_patrol/install/robot_patrol/lib/robot_patrol/patrol_node
[12.825s] -- Set runtime path of "/home/user/ros2_ws/src/citylab_project/robot_patrol/install/robot_patrol/lib/robot_patrol/patrol_node" to ""
[12.825s] -- Up-to-date: /home/user/ros2_ws/src/citylab_project/robot_patrol/install/robot_patrol/share/robot_patrol//launch
[12.825s] -- Up-to-date: /home/user/ros2_ws/src/citylab_project/robot_patrol/install/robot_patrol/share/robot_patrol//launch/start_patrolling.launch.py
[12.825s] -- Up-to-date: /home/user/ros2_ws/src/citylab_project/robot_patrol/install/robot_patrol/share/ament_index/resource_index/package_run_dependencies/robot_patrol
[12.826s] -- Up-to-date: /home/user/ros2_ws/src/citylab_project/robot_patrol/install/robot_patrol/share/ament_index/resource_index/parent_prefix_path/robot_patrol
[12.826s] -- Up-to-date: /home/user/ros2_ws/src/citylab_project/robot_patrol/install/robot_patrol/share/robot_patrol/environment/ament_prefix_path.sh
[12.826s] -- Up-to-date: /home/user/ros2_ws/src/citylab_project/robot_patrol/install/robot_patrol/share/robot_patrol/environment/ament_prefix_path.dsv
[12.827s] -- Up-to-date: /home/user/ros2_ws/src/citylab_project/robot_patrol/install/robot_patrol/share/robot_patrol/environment/path.sh
[12.827s] -- Up-to-date: /home/user/ros2_ws/src/citylab_project/robot_patrol/install/robot_patrol/share/robot_patrol/environment/path.dsv
[12.827s] -- Up-to-date: /home/user/ros2_ws/src/citylab_project/robot_patrol/install/robot_patrol/share/robot_patrol/local_setup.bash
[12.828s] -- Up-to-date: /home/user/ros2_ws/src/citylab_project/robot_patrol/install/robot_patrol/share/robot_patrol/local_setup.sh
[12.828s] -- Up-to-date: /home/user/ros2_ws/src/citylab_project/robot_patrol/install/robot_patrol/share/robot_patrol/local_setup.zsh
[12.829s] -- Up-to-date: /home/user/ros2_ws/src/citylab_project/robot_patrol/install/robot_patrol/share/robot_patrol/local_setup.dsv
[12.829s] -- Installing: /home/user/ros2_ws/src/citylab_project/robot_patrol/install/robot_patrol/share/robot_patrol/package.dsv
[12.829s] -- Up-to-date: /home/user/ros2_ws/src/citylab_project/robot_patrol/install/robot_patrol/share/ament_index/resource_index/packages/robot_patrol
[12.830s] -- Up-to-date: /home/user/ros2_ws/src/citylab_project/robot_patrol/install/robot_patrol/share/robot_patrol/cmake/robot_patrolConfig.cmake
[12.830s] -- Up-to-date: /home/user/ros2_ws/src/citylab_project/robot_patrol/install/robot_patrol/share/robot_patrol/cmake/robot_patrolConfig-version.cmake
[12.830s] -- Up-to-date: /home/user/ros2_ws/src/citylab_project/robot_patrol/install/robot_patrol/share/robot_patrol/package.xml
[12.839s] Invoked command in '/home/user/ros2_ws/src/citylab_project/robot_patrol/build/robot_patrol' returned '0': CMAKE_PREFIX_PATH=${CMAKE_PREFIX_PATH}:/home/simulations/ros2_sims_ws/install/rclrs_tests:/home/simulations/ros2_sims_ws/install/examples_rclrs_minimal_client_service:/home/simulations/ros2_sims_ws/install/sensor_msgs_py:/home/simulations/ros2_sims_ws/install/examples_rclrs_minimal_pub_sub:/home/simulations/ros2_sims_ws/install/examples_rclrs_message_demo:/home/simulations/ros2_sims_ws/install/rclrs:/home/simulations/ros2_sims_ws/install/rosidl_runtime_rs:/opt/ros/humble _=/usr/bin/env /usr/bin/cmake --install /home/user/ros2_ws/src/citylab_project/robot_patrol/build/robot_patrol
