[0.218s] Invoking command in '/home/user/ros2_ws/src/citylab_project/robot_patrol/build/robot_patrol': CMAKE_PREFIX_PATH=${CMAKE_PREFIX_PATH}:/home/simulations/ros2_sims_ws/install/rclrs_tests:/home/simulations/ros2_sims_ws/install/examples_rclrs_minimal_client_service:/home/simulations/ros2_sims_ws/install/sensor_msgs_py:/home/simulations/ros2_sims_ws/install/examples_rclrs_minimal_pub_sub:/home/simulations/ros2_sims_ws/install/examples_rclrs_message_demo:/home/simulations/ros2_sims_ws/install/rclrs:/home/simulations/ros2_sims_ws/install/rosidl_runtime_rs:/opt/ros/humble _=/usr/bin/env /usr/bin/cmake /home/user/ros2_ws/src/citylab_project/robot_patrol -DCMAKE_INSTALL_PREFIX=/home/user/ros2_ws/src/citylab_project/robot_patrol/install/robot_patrol
[14.427s] -- The C compiler identification is GNU 11.3.0
[19.175s] -- The CXX compiler identification is GNU 11.3.0
[19.704s] -- Detecting C compiler ABI info
[20.083s] -- Detecting C compiler ABI info - done
[20.093s] -- Check for working C compiler: /usr/bin/cc - skipped
[20.096s] -- Detecting C compile features
[20.190s] -- Detecting C compile features - done
[20.196s] -- Detecting CXX compiler ABI info
[20.578s] -- Detecting CXX compiler ABI info - done
[20.586s] -- Check for working CXX compiler: /usr/bin/c++ - skipped
[20.586s] -- Detecting CXX compile features
[20.586s] -- Detecting CXX compile features - done
[20.603s] -- Found ament_cmake: 1.3.4 (/opt/ros/humble/share/ament_cmake/cmake)
[21.466s] -- Found Python3: /usr/bin/python3.10 (found version "3.10.6") found components: Interpreter 
[21.800s] -- Found rclcpp: 16.0.4 (/opt/ros/humble/share/rclcpp/cmake)
[22.165s] -- Found rosidl_generator_c: 3.1.4 (/opt/ros/humble/share/rosidl_generator_c/cmake)
[22.187s] -- Found rosidl_adapter: 3.1.4 (/opt/ros/humble/share/rosidl_adapter/cmake)
[22.219s] -- Found rosidl_generator_cpp: 3.1.4 (/opt/ros/humble/share/rosidl_generator_cpp/cmake)
[22.262s] -- Using all available rosidl_typesupport_c: rosidl_typesupport_fastrtps_c;rosidl_typesupport_introspection_c
[22.315s] -- Using all available rosidl_typesupport_cpp: rosidl_typesupport_fastrtps_cpp;rosidl_typesupport_introspection_cpp
[22.917s] -- Found rmw_implementation_cmake: 6.1.1 (/opt/ros/humble/share/rmw_implementation_cmake/cmake)
[22.932s] -- Found rmw_fastrtps_cpp: 6.2.2 (/opt/ros/humble/share/rmw_fastrtps_cpp/cmake)
[24.348s] -- Found OpenSSL: /usr/lib/x86_64-linux-gnu/libcrypto.so (found version "3.0.2")  
[24.397s] -- Found FastRTPS: /opt/ros/humble/include  
[24.473s] -- Using RMW implementation 'rmw_fastrtps_cpp' as default
[24.872s] -- Looking for pthread.h
[26.346s] -- Looking for pthread.h - found
[26.346s] -- Performing Test CMAKE_HAVE_LIBC_PTHREAD
[26.432s] -- Performing Test CMAKE_HAVE_LIBC_PTHREAD - Success
[26.433s] -- Found Threads: TRUE  
[27.395s] -- Found geometry_msgs: 4.2.3 (/home/simulations/ros2_sims_ws/install/geometry_msgs/share/geometry_msgs/cmake)
[27.460s] -- Found sensor_msgs: 4.2.3 (/home/simulations/ros2_sims_ws/install/sensor_msgs/share/sensor_msgs/cmake)
[27.576s] -- Found nav_msgs: 4.2.3 (/home/simulations/ros2_sims_ws/install/nav_msgs/share/nav_msgs/cmake)
[28.015s] -- Found ament_lint_auto: 0.12.6 (/opt/ros/humble/share/ament_lint_auto/cmake)
[28.183s] -- Added test 'cppcheck' to perform static code analysis on C / C++ code
[28.183s] -- Configured cppcheck include dirs: 
[28.183s] -- Configured cppcheck exclude dirs and/or files: 
[28.186s] -- Added test 'flake8' to check Python code syntax and style conventions
[28.189s] -- Added test 'lint_cmake' to check CMake code style
[28.191s] -- Added test 'pep257' to check Python code against some of the docstring style conventions in PEP 257
[28.197s] -- Added test 'uncrustify' to check C / C++ code style
[28.197s] -- Configured uncrustify additional arguments: 
[28.200s] -- Added test 'xmllint' to check XML markup files
[28.204s] -- Configuring done
[28.219s] -- Generating done
[28.221s] -- Build files have been written to: /home/user/ros2_ws/src/citylab_project/robot_patrol/build/robot_patrol
[28.231s] Invoked command in '/home/user/ros2_ws/src/citylab_project/robot_patrol/build/robot_patrol' returned '0': CMAKE_PREFIX_PATH=${CMAKE_PREFIX_PATH}:/home/simulations/ros2_sims_ws/install/rclrs_tests:/home/simulations/ros2_sims_ws/install/examples_rclrs_minimal_client_service:/home/simulations/ros2_sims_ws/install/sensor_msgs_py:/home/simulations/ros2_sims_ws/install/examples_rclrs_minimal_pub_sub:/home/simulations/ros2_sims_ws/install/examples_rclrs_message_demo:/home/simulations/ros2_sims_ws/install/rclrs:/home/simulations/ros2_sims_ws/install/rosidl_runtime_rs:/opt/ros/humble _=/usr/bin/env /usr/bin/cmake /home/user/ros2_ws/src/citylab_project/robot_patrol -DCMAKE_INSTALL_PREFIX=/home/user/ros2_ws/src/citylab_project/robot_patrol/install/robot_patrol
[28.233s] Invoking command in '/home/user/ros2_ws/src/citylab_project/robot_patrol/build/robot_patrol': CMAKE_PREFIX_PATH=${CMAKE_PREFIX_PATH}:/home/simulations/ros2_sims_ws/install/rclrs_tests:/home/simulations/ros2_sims_ws/install/examples_rclrs_minimal_client_service:/home/simulations/ros2_sims_ws/install/sensor_msgs_py:/home/simulations/ros2_sims_ws/install/examples_rclrs_minimal_pub_sub:/home/simulations/ros2_sims_ws/install/examples_rclrs_message_demo:/home/simulations/ros2_sims_ws/install/rclrs:/home/simulations/ros2_sims_ws/install/rosidl_runtime_rs:/opt/ros/humble _=/usr/bin/env /usr/bin/cmake --build /home/user/ros2_ws/src/citylab_project/robot_patrol/build/robot_patrol -- -j8 -l8
[28.295s] [ 50%] [32mBuilding CXX object CMakeFiles/patrol_node.dir/src/patrol.cpp.o[0m
[47.981s] [100%] [32m[1mLinking CXX executable patrol_node[0m
[48.788s] [100%] Built target patrol_node
[48.800s] Invoked command in '/home/user/ros2_ws/src/citylab_project/robot_patrol/build/robot_patrol' returned '0': CMAKE_PREFIX_PATH=${CMAKE_PREFIX_PATH}:/home/simulations/ros2_sims_ws/install/rclrs_tests:/home/simulations/ros2_sims_ws/install/examples_rclrs_minimal_client_service:/home/simulations/ros2_sims_ws/install/sensor_msgs_py:/home/simulations/ros2_sims_ws/install/examples_rclrs_minimal_pub_sub:/home/simulations/ros2_sims_ws/install/examples_rclrs_message_demo:/home/simulations/ros2_sims_ws/install/rclrs:/home/simulations/ros2_sims_ws/install/rosidl_runtime_rs:/opt/ros/humble _=/usr/bin/env /usr/bin/cmake --build /home/user/ros2_ws/src/citylab_project/robot_patrol/build/robot_patrol -- -j8 -l8
[48.858s] Invoking command in '/home/user/ros2_ws/src/citylab_project/robot_patrol/build/robot_patrol': CMAKE_PREFIX_PATH=${CMAKE_PREFIX_PATH}:/home/simulations/ros2_sims_ws/install/rclrs_tests:/home/simulations/ros2_sims_ws/install/examples_rclrs_minimal_client_service:/home/simulations/ros2_sims_ws/install/sensor_msgs_py:/home/simulations/ros2_sims_ws/install/examples_rclrs_minimal_pub_sub:/home/simulations/ros2_sims_ws/install/examples_rclrs_message_demo:/home/simulations/ros2_sims_ws/install/rclrs:/home/simulations/ros2_sims_ws/install/rosidl_runtime_rs:/opt/ros/humble _=/usr/bin/env /usr/bin/cmake --install /home/user/ros2_ws/src/citylab_project/robot_patrol/build/robot_patrol
[48.867s] -- Install configuration: ""
[48.868s] -- Installing: /home/user/ros2_ws/src/citylab_project/robot_patrol/install/robot_patrol/lib/robot_patrol/patrol_node
[48.873s] -- Set runtime path of "/home/user/ros2_ws/src/citylab_project/robot_patrol/install/robot_patrol/lib/robot_patrol/patrol_node" to ""
[48.874s] -- Installing: /home/user/ros2_ws/src/citylab_project/robot_patrol/install/robot_patrol/share/robot_patrol//launch
[48.874s] -- Installing: /home/user/ros2_ws/src/citylab_project/robot_patrol/install/robot_patrol/share/robot_patrol//launch/start_patrolling.launch.py
[48.874s] -- Installing: /home/user/ros2_ws/src/citylab_project/robot_patrol/install/robot_patrol/share/ament_index/resource_index/package_run_dependencies/robot_patrol
[48.874s] -- Installing: /home/user/ros2_ws/src/citylab_project/robot_patrol/install/robot_patrol/share/ament_index/resource_index/parent_prefix_path/robot_patrol
[48.874s] -- Installing: /home/user/ros2_ws/src/citylab_project/robot_patrol/install/robot_patrol/share/robot_patrol/environment/ament_prefix_path.sh
[48.874s] -- Installing: /home/user/ros2_ws/src/citylab_project/robot_patrol/install/robot_patrol/share/robot_patrol/environment/ament_prefix_path.dsv
[48.874s] -- Installing: /home/user/ros2_ws/src/citylab_project/robot_patrol/install/robot_patrol/share/robot_patrol/environment/path.sh
[48.875s] -- Installing: /home/user/ros2_ws/src/citylab_project/robot_patrol/install/robot_patrol/share/robot_patrol/environment/path.dsv
[48.875s] -- Installing: /home/user/ros2_ws/src/citylab_project/robot_patrol/install/robot_patrol/share/robot_patrol/local_setup.bash
[48.875s] -- Installing: /home/user/ros2_ws/src/citylab_project/robot_patrol/install/robot_patrol/share/robot_patrol/local_setup.sh
[48.875s] -- Installing: /home/user/ros2_ws/src/citylab_project/robot_patrol/install/robot_patrol/share/robot_patrol/local_setup.zsh
[48.875s] -- Installing: /home/user/ros2_ws/src/citylab_project/robot_patrol/install/robot_patrol/share/robot_patrol/local_setup.dsv
[48.875s] -- Installing: /home/user/ros2_ws/src/citylab_project/robot_patrol/install/robot_patrol/share/robot_patrol/package.dsv
[48.876s] -- Installing: /home/user/ros2_ws/src/citylab_project/robot_patrol/install/robot_patrol/share/ament_index/resource_index/packages/robot_patrol
[48.876s] -- Installing: /home/user/ros2_ws/src/citylab_project/robot_patrol/install/robot_patrol/share/robot_patrol/cmake/robot_patrolConfig.cmake
[48.876s] -- Installing: /home/user/ros2_ws/src/citylab_project/robot_patrol/install/robot_patrol/share/robot_patrol/cmake/robot_patrolConfig-version.cmake
[48.876s] -- Installing: /home/user/ros2_ws/src/citylab_project/robot_patrol/install/robot_patrol/share/robot_patrol/package.xml
[48.879s] Invoked command in '/home/user/ros2_ws/src/citylab_project/robot_patrol/build/robot_patrol' returned '0': CMAKE_PREFIX_PATH=${CMAKE_PREFIX_PATH}:/home/simulations/ros2_sims_ws/install/rclrs_tests:/home/simulations/ros2_sims_ws/install/examples_rclrs_minimal_client_service:/home/simulations/ros2_sims_ws/install/sensor_msgs_py:/home/simulations/ros2_sims_ws/install/examples_rclrs_minimal_pub_sub:/home/simulations/ros2_sims_ws/install/examples_rclrs_message_demo:/home/simulations/ros2_sims_ws/install/rclrs:/home/simulations/ros2_sims_ws/install/rosidl_runtime_rs:/opt/ros/humble _=/usr/bin/env /usr/bin/cmake --install /home/user/ros2_ws/src/citylab_project/robot_patrol/build/robot_patrol
