[26.418s] DEBUG:colcon:Command line arguments: ['/usr/bin/colcon', 'build']
[26.418s] DEBUG:colcon:Parsed command line arguments: Namespace(log_base=None, log_level=None, verb_name='build', build_base='build', install_base='install', merge_install=False, symlink_install=False, test_result_base=None, continue_on_error=False, executor='parallel', parallel_workers=8, event_handlers=None, ignore_user_meta=False, metas=['./colcon.meta'], base_paths=['.'], packages_ignore=None, packages_ignore_regex=None, paths=None, packages_up_to=None, packages_up_to_regex=None, packages_above=None, packages_above_and_dependencies=None, packages_above_depth=None, packages_select_by_dep=None, packages_skip_by_dep=None, packages_skip_up_to=None, packages_select_build_failed=False, packages_skip_build_finished=False, packages_select_test_failures=False, packages_skip_test_passed=False, packages_select=None, packages_skip=None, packages_select_regex=None, packages_skip_regex=None, packages_start=None, packages_end=None, lookup_in_workspace=False, cargo_args=None, clean_build=False, cmake_args=None, cmake_target=None, cmake_target_skip_unavailable=False, cmake_clean_cache=False, cmake_clean_first=False, cmake_force_configure=False, ament_cmake_args=None, catkin_cmake_args=None, catkin_skip_building_tests=False, mixin_files=None, mixin=None, verb_parser=<colcon_mixin.mixin.mixin_argument.MixinArgumentDecorator object at 0x7ff0d2037f40>, verb_extension=<colcon_core.verb.build.BuildVerb object at 0x7ff0d27ab700>, main=<bound method BuildVerb.main of <colcon_core.verb.build.BuildVerb object at 0x7ff0d27ab700>>, mixin_verb=('build',))
[28.019s] Level 1:colcon.colcon_core.package_discovery:discover_packages(colcon_meta) check parameters
[28.019s] Level 1:colcon.colcon_core.package_discovery:discover_packages(recursive) check parameters
[28.019s] Level 1:colcon.colcon_core.package_discovery:discover_packages(ignore) check parameters
[28.019s] Level 1:colcon.colcon_core.package_discovery:discover_packages(path) check parameters
[28.019s] Level 1:colcon.colcon_core.package_discovery:discover_packages(colcon_meta) discover
[28.020s] Level 1:colcon.colcon_core.package_discovery:discover_packages(recursive) discover
[28.020s] INFO:colcon.colcon_core.package_discovery:Crawling recursively for packages in '/home/user/ros2_ws/src/citylab_project/robot_patrol'
[28.020s] Level 1:colcon.colcon_core.package_identification:_identify(.) by extensions ['ignore', 'ignore_ament_install']
[28.020s] Level 1:colcon.colcon_core.package_identification:_identify(.) by extension 'ignore'
[28.020s] Level 1:colcon.colcon_core.package_identification:_identify(.) by extension 'ignore_ament_install'
[28.020s] Level 1:colcon.colcon_core.package_identification:_identify(.) by extensions ['colcon_pkg']
[28.020s] Level 1:colcon.colcon_core.package_identification:_identify(.) by extension 'colcon_pkg'
[28.020s] Level 1:colcon.colcon_core.package_identification:_identify(.) by extensions ['colcon_meta']
[28.020s] Level 1:colcon.colcon_core.package_identification:_identify(.) by extension 'colcon_meta'
[28.020s] Level 1:colcon.colcon_core.package_identification:_identify(.) by extensions ['ament_cargo']
[28.020s] Level 1:colcon.colcon_core.package_identification:_identify(.) by extension 'ament_cargo'
[28.020s] Level 1:colcon.colcon_core.package_identification:_identify(.) by extensions ['ros']
[28.020s] Level 1:colcon.colcon_core.package_identification:_identify(.) by extension 'ros'
[28.266s] DEBUG:colcon.colcon_core.package_identification:Package '.' with type 'ros.ament_cmake' and name 'robot_patrol'
[28.266s] Level 1:colcon.colcon_core.package_discovery:discover_packages(recursive) using defaults
[28.266s] Level 1:colcon.colcon_core.package_discovery:discover_packages(ignore) discover
[28.266s] Level 1:colcon.colcon_core.package_discovery:discover_packages(ignore) using defaults
[28.266s] Level 1:colcon.colcon_core.package_discovery:discover_packages(path) discover
[28.266s] Level 1:colcon.colcon_core.package_discovery:discover_packages(path) using defaults
[28.487s] Level 5:colcon.colcon_core.verb:set package 'robot_patrol' build argument 'lookup_in_workspace' from command line to 'False'
[28.487s] Level 5:colcon.colcon_core.verb:set package 'robot_patrol' build argument 'cargo_args' from command line to 'None'
[28.487s] Level 5:colcon.colcon_core.verb:set package 'robot_patrol' build argument 'clean_build' from command line to 'False'
[28.487s] Level 5:colcon.colcon_core.verb:set package 'robot_patrol' build argument 'cmake_args' from command line to 'None'
[28.487s] Level 5:colcon.colcon_core.verb:set package 'robot_patrol' build argument 'cmake_target' from command line to 'None'
[28.487s] Level 5:colcon.colcon_core.verb:set package 'robot_patrol' build argument 'cmake_target_skip_unavailable' from command line to 'False'
[28.487s] Level 5:colcon.colcon_core.verb:set package 'robot_patrol' build argument 'cmake_clean_cache' from command line to 'False'
[28.487s] Level 5:colcon.colcon_core.verb:set package 'robot_patrol' build argument 'cmake_clean_first' from command line to 'False'
[28.487s] Level 5:colcon.colcon_core.verb:set package 'robot_patrol' build argument 'cmake_force_configure' from command line to 'False'
[28.487s] Level 5:colcon.colcon_core.verb:set package 'robot_patrol' build argument 'ament_cmake_args' from command line to 'None'
[28.487s] Level 5:colcon.colcon_core.verb:set package 'robot_patrol' build argument 'catkin_cmake_args' from command line to 'None'
[28.487s] Level 5:colcon.colcon_core.verb:set package 'robot_patrol' build argument 'catkin_skip_building_tests' from command line to 'False'
[28.487s] DEBUG:colcon.colcon_core.verb:Building package 'robot_patrol' with the following arguments: {'ament_cmake_args': None, 'build_base': '/home/user/ros2_ws/src/citylab_project/robot_patrol/build/robot_patrol', 'cargo_args': None, 'catkin_cmake_args': None, 'catkin_skip_building_tests': False, 'clean_build': False, 'cmake_args': None, 'cmake_clean_cache': False, 'cmake_clean_first': False, 'cmake_force_configure': False, 'cmake_target': None, 'cmake_target_skip_unavailable': False, 'install_base': '/home/user/ros2_ws/src/citylab_project/robot_patrol/install/robot_patrol', 'lookup_in_workspace': False, 'merge_install': False, 'path': '/home/user/ros2_ws/src/citylab_project/robot_patrol', 'symlink_install': False, 'test_result_base': None}
[28.488s] INFO:colcon.colcon_core.executor:Executing jobs using 'parallel' executor
[28.491s] DEBUG:colcon.colcon_parallel_executor.executor.parallel:run_until_complete
[28.491s] INFO:colcon.colcon_ros.task.ament_cmake.build:Building ROS package in '/home/user/ros2_ws/src/citylab_project/robot_patrol' with build type 'ament_cmake'
[28.491s] INFO:colcon.colcon_cmake.task.cmake.build:Building CMake package in '/home/user/ros2_ws/src/citylab_project/robot_patrol'
[28.506s] INFO:colcon.colcon_core.plugin_system:Skipping extension 'colcon_core.shell.bat': Not used on non-Windows systems
[28.506s] INFO:colcon.colcon_core.shell:Skip shell extension 'powershell' for command environment: Not usable outside of PowerShell
[28.506s] DEBUG:colcon.colcon_core.shell:Skip shell extension 'dsv' for command environment
[28.710s] DEBUG:colcon.colcon_core.event_handler.log_command:Invoking command in '/home/user/ros2_ws/src/citylab_project/robot_patrol/build/robot_patrol': CMAKE_PREFIX_PATH=${CMAKE_PREFIX_PATH}:/home/simulations/ros2_sims_ws/install/rclrs_tests:/home/simulations/ros2_sims_ws/install/examples_rclrs_minimal_client_service:/home/simulations/ros2_sims_ws/install/sensor_msgs_py:/home/simulations/ros2_sims_ws/install/examples_rclrs_minimal_pub_sub:/home/simulations/ros2_sims_ws/install/examples_rclrs_message_demo:/home/simulations/ros2_sims_ws/install/rclrs:/home/simulations/ros2_sims_ws/install/rosidl_runtime_rs:/opt/ros/humble _=/usr/bin/env /usr/bin/cmake /home/user/ros2_ws/src/citylab_project/robot_patrol -DCMAKE_INSTALL_PREFIX=/home/user/ros2_ws/src/citylab_project/robot_patrol/install/robot_patrol
[56.723s] DEBUG:colcon.colcon_core.event_handler.log_command:Invoked command in '/home/user/ros2_ws/src/citylab_project/robot_patrol/build/robot_patrol' returned '0': CMAKE_PREFIX_PATH=${CMAKE_PREFIX_PATH}:/home/simulations/ros2_sims_ws/install/rclrs_tests:/home/simulations/ros2_sims_ws/install/examples_rclrs_minimal_client_service:/home/simulations/ros2_sims_ws/install/sensor_msgs_py:/home/simulations/ros2_sims_ws/install/examples_rclrs_minimal_pub_sub:/home/simulations/ros2_sims_ws/install/examples_rclrs_message_demo:/home/simulations/ros2_sims_ws/install/rclrs:/home/simulations/ros2_sims_ws/install/rosidl_runtime_rs:/opt/ros/humble _=/usr/bin/env /usr/bin/cmake /home/user/ros2_ws/src/citylab_project/robot_patrol -DCMAKE_INSTALL_PREFIX=/home/user/ros2_ws/src/citylab_project/robot_patrol/install/robot_patrol
[56.725s] DEBUG:colcon.colcon_core.event_handler.log_command:Invoking command in '/home/user/ros2_ws/src/citylab_project/robot_patrol/build/robot_patrol': CMAKE_PREFIX_PATH=${CMAKE_PREFIX_PATH}:/home/simulations/ros2_sims_ws/install/rclrs_tests:/home/simulations/ros2_sims_ws/install/examples_rclrs_minimal_client_service:/home/simulations/ros2_sims_ws/install/sensor_msgs_py:/home/simulations/ros2_sims_ws/install/examples_rclrs_minimal_pub_sub:/home/simulations/ros2_sims_ws/install/examples_rclrs_message_demo:/home/simulations/ros2_sims_ws/install/rclrs:/home/simulations/ros2_sims_ws/install/rosidl_runtime_rs:/opt/ros/humble _=/usr/bin/env /usr/bin/cmake --build /home/user/ros2_ws/src/citylab_project/robot_patrol/build/robot_patrol -- -j8 -l8
[77.292s] DEBUG:colcon.colcon_core.event_handler.log_command:Invoked command in '/home/user/ros2_ws/src/citylab_project/robot_patrol/build/robot_patrol' returned '0': CMAKE_PREFIX_PATH=${CMAKE_PREFIX_PATH}:/home/simulations/ros2_sims_ws/install/rclrs_tests:/home/simulations/ros2_sims_ws/install/examples_rclrs_minimal_client_service:/home/simulations/ros2_sims_ws/install/sensor_msgs_py:/home/simulations/ros2_sims_ws/install/examples_rclrs_minimal_pub_sub:/home/simulations/ros2_sims_ws/install/examples_rclrs_message_demo:/home/simulations/ros2_sims_ws/install/rclrs:/home/simulations/ros2_sims_ws/install/rosidl_runtime_rs:/opt/ros/humble _=/usr/bin/env /usr/bin/cmake --build /home/user/ros2_ws/src/citylab_project/robot_patrol/build/robot_patrol -- -j8 -l8
[77.351s] DEBUG:colcon.colcon_core.event_handler.log_command:Invoking command in '/home/user/ros2_ws/src/citylab_project/robot_patrol/build/robot_patrol': CMAKE_PREFIX_PATH=${CMAKE_PREFIX_PATH}:/home/simulations/ros2_sims_ws/install/rclrs_tests:/home/simulations/ros2_sims_ws/install/examples_rclrs_minimal_client_service:/home/simulations/ros2_sims_ws/install/sensor_msgs_py:/home/simulations/ros2_sims_ws/install/examples_rclrs_minimal_pub_sub:/home/simulations/ros2_sims_ws/install/examples_rclrs_message_demo:/home/simulations/ros2_sims_ws/install/rclrs:/home/simulations/ros2_sims_ws/install/rosidl_runtime_rs:/opt/ros/humble _=/usr/bin/env /usr/bin/cmake --install /home/user/ros2_ws/src/citylab_project/robot_patrol/build/robot_patrol
[77.370s] Level 1:colcon.colcon_core.environment:create_environment_scripts_only(robot_patrol)
[77.371s] DEBUG:colcon.colcon_core.event_handler.log_command:Invoked command in '/home/user/ros2_ws/src/citylab_project/robot_patrol/build/robot_patrol' returned '0': CMAKE_PREFIX_PATH=${CMAKE_PREFIX_PATH}:/home/simulations/ros2_sims_ws/install/rclrs_tests:/home/simulations/ros2_sims_ws/install/examples_rclrs_minimal_client_service:/home/simulations/ros2_sims_ws/install/sensor_msgs_py:/home/simulations/ros2_sims_ws/install/examples_rclrs_minimal_pub_sub:/home/simulations/ros2_sims_ws/install/examples_rclrs_message_demo:/home/simulations/ros2_sims_ws/install/rclrs:/home/simulations/ros2_sims_ws/install/rosidl_runtime_rs:/opt/ros/humble _=/usr/bin/env /usr/bin/cmake --install /home/user/ros2_ws/src/citylab_project/robot_patrol/build/robot_patrol
[77.386s] Level 1:colcon.colcon_core.environment:checking '/home/user/ros2_ws/src/citylab_project/robot_patrol/install/robot_patrol' for CMake module files
[77.387s] Level 1:colcon.colcon_core.environment:checking '/home/user/ros2_ws/src/citylab_project/robot_patrol/install/robot_patrol' for CMake config files
[77.387s] Level 1:colcon.colcon_core.shell:create_environment_hook('robot_patrol', 'cmake_prefix_path')
[77.388s] INFO:colcon.colcon_core.shell:Creating environment hook '/home/user/ros2_ws/src/citylab_project/robot_patrol/install/robot_patrol/share/robot_patrol/hook/cmake_prefix_path.ps1'
[77.390s] INFO:colcon.colcon_core.shell:Creating environment descriptor '/home/user/ros2_ws/src/citylab_project/robot_patrol/install/robot_patrol/share/robot_patrol/hook/cmake_prefix_path.dsv'
[77.391s] INFO:colcon.colcon_core.shell:Creating environment hook '/home/user/ros2_ws/src/citylab_project/robot_patrol/install/robot_patrol/share/robot_patrol/hook/cmake_prefix_path.sh'
[77.392s] Level 1:colcon.colcon_core.environment:checking '/home/user/ros2_ws/src/citylab_project/robot_patrol/install/robot_patrol/lib'
[77.392s] Level 1:colcon.colcon_core.environment:checking '/home/user/ros2_ws/src/citylab_project/robot_patrol/install/robot_patrol/bin'
[77.392s] Level 1:colcon.colcon_core.environment:checking '/home/user/ros2_ws/src/citylab_project/robot_patrol/install/robot_patrol/lib/pkgconfig/robot_patrol.pc'
[77.394s] Level 1:colcon.colcon_core.environment:checking '/home/user/ros2_ws/src/citylab_project/robot_patrol/install/robot_patrol/lib/python3.10/site-packages'
[77.394s] Level 1:colcon.colcon_core.environment:checking '/home/user/ros2_ws/src/citylab_project/robot_patrol/install/robot_patrol/bin'
[77.396s] INFO:colcon.colcon_core.shell:Creating package script '/home/user/ros2_ws/src/citylab_project/robot_patrol/install/robot_patrol/share/robot_patrol/package.ps1'
[77.397s] INFO:colcon.colcon_core.shell:Creating package descriptor '/home/user/ros2_ws/src/citylab_project/robot_patrol/install/robot_patrol/share/robot_patrol/package.dsv'
[77.398s] INFO:colcon.colcon_core.shell:Creating package script '/home/user/ros2_ws/src/citylab_project/robot_patrol/install/robot_patrol/share/robot_patrol/package.sh'
[77.399s] INFO:colcon.colcon_core.shell:Creating package script '/home/user/ros2_ws/src/citylab_project/robot_patrol/install/robot_patrol/share/robot_patrol/package.bash'
[77.401s] INFO:colcon.colcon_core.shell:Creating package script '/home/user/ros2_ws/src/citylab_project/robot_patrol/install/robot_patrol/share/robot_patrol/package.zsh'
[77.403s] Level 1:colcon.colcon_core.environment:create_file_with_runtime_dependencies(/home/user/ros2_ws/src/citylab_project/robot_patrol/install/robot_patrol/share/colcon-core/packages/robot_patrol)
[77.449s] Level 1:colcon.colcon_core.environment:create_environment_scripts_only(robot_patrol)
[77.451s] Level 1:colcon.colcon_core.environment:checking '/home/user/ros2_ws/src/citylab_project/robot_patrol/install/robot_patrol' for CMake module files
[77.452s] Level 1:colcon.colcon_core.environment:checking '/home/user/ros2_ws/src/citylab_project/robot_patrol/install/robot_patrol' for CMake config files
[77.452s] Level 1:colcon.colcon_core.shell:create_environment_hook('robot_patrol', 'cmake_prefix_path')
[77.453s] INFO:colcon.colcon_core.shell:Creating environment hook '/home/user/ros2_ws/src/citylab_project/robot_patrol/install/robot_patrol/share/robot_patrol/hook/cmake_prefix_path.ps1'
[77.454s] INFO:colcon.colcon_core.shell:Creating environment descriptor '/home/user/ros2_ws/src/citylab_project/robot_patrol/install/robot_patrol/share/robot_patrol/hook/cmake_prefix_path.dsv'
[77.455s] INFO:colcon.colcon_core.shell:Creating environment hook '/home/user/ros2_ws/src/citylab_project/robot_patrol/install/robot_patrol/share/robot_patrol/hook/cmake_prefix_path.sh'
[77.456s] Level 1:colcon.colcon_core.environment:checking '/home/user/ros2_ws/src/citylab_project/robot_patrol/install/robot_patrol/lib'
[77.456s] Level 1:colcon.colcon_core.environment:checking '/home/user/ros2_ws/src/citylab_project/robot_patrol/install/robot_patrol/bin'
[77.456s] Level 1:colcon.colcon_core.environment:checking '/home/user/ros2_ws/src/citylab_project/robot_patrol/install/robot_patrol/lib/pkgconfig/robot_patrol.pc'
[77.457s] Level 1:colcon.colcon_core.environment:checking '/home/user/ros2_ws/src/citylab_project/robot_patrol/install/robot_patrol/lib/python3.10/site-packages'
[77.457s] Level 1:colcon.colcon_core.environment:checking '/home/user/ros2_ws/src/citylab_project/robot_patrol/install/robot_patrol/bin'
[77.458s] INFO:colcon.colcon_core.shell:Creating package script '/home/user/ros2_ws/src/citylab_project/robot_patrol/install/robot_patrol/share/robot_patrol/package.ps1'
[77.459s] INFO:colcon.colcon_core.shell:Creating package descriptor '/home/user/ros2_ws/src/citylab_project/robot_patrol/install/robot_patrol/share/robot_patrol/package.dsv'
[77.460s] INFO:colcon.colcon_core.shell:Creating package script '/home/user/ros2_ws/src/citylab_project/robot_patrol/install/robot_patrol/share/robot_patrol/package.sh'
[77.461s] INFO:colcon.colcon_core.shell:Creating package script '/home/user/ros2_ws/src/citylab_project/robot_patrol/install/robot_patrol/share/robot_patrol/package.bash'
[77.462s] INFO:colcon.colcon_core.shell:Creating package script '/home/user/ros2_ws/src/citylab_project/robot_patrol/install/robot_patrol/share/robot_patrol/package.zsh'
[77.463s] Level 1:colcon.colcon_core.environment:create_file_with_runtime_dependencies(/home/user/ros2_ws/src/citylab_project/robot_patrol/install/robot_patrol/share/colcon-core/packages/robot_patrol)
[77.464s] DEBUG:colcon.colcon_parallel_executor.executor.parallel:closing loop
[77.464s] DEBUG:colcon.colcon_parallel_executor.executor.parallel:loop closed
[77.465s] DEBUG:colcon.colcon_parallel_executor.executor.parallel:run_until_complete finished with '0'
[77.465s] DEBUG:colcon.colcon_core.event_reactor:joining thread
[77.578s] INFO:colcon.colcon_core.plugin_system:Skipping extension 'colcon_notification.desktop_notification.notify_send': Could not find 'notify-send'
[77.578s] INFO:colcon.colcon_core.plugin_system:Skipping extension 'colcon_notification.desktop_notification.terminal_notifier': Not used on non-Darwin systems
[77.578s] INFO:colcon.colcon_core.plugin_system:Skipping extension 'colcon_notification.desktop_notification.win32': Not used on non-Windows systems
[77.578s] INFO:colcon.colcon_notification.desktop_notification:Sending desktop notification using 'notify2'
[77.581s] DEBUG:colcon.colcon_notification.desktop_notification.notify2:Failed to initialize notify2: org.freedesktop.DBus.Error.Spawn.ExecFailed: /usr/bin/dbus-launch terminated abnormally without any error message
[77.581s] DEBUG:colcon.colcon_core.event_reactor:joined thread
[77.583s] INFO:colcon.colcon_core.shell:Creating prefix script '/home/user/ros2_ws/src/citylab_project/robot_patrol/install/local_setup.ps1'
[77.585s] INFO:colcon.colcon_core.shell:Creating prefix util module '/home/user/ros2_ws/src/citylab_project/robot_patrol/install/_local_setup_util_ps1.py'
[77.587s] INFO:colcon.colcon_core.shell:Creating prefix chain script '/home/user/ros2_ws/src/citylab_project/robot_patrol/install/setup.ps1'
[77.591s] INFO:colcon.colcon_core.shell:Creating prefix script '/home/user/ros2_ws/src/citylab_project/robot_patrol/install/local_setup.sh'
[77.592s] INFO:colcon.colcon_core.shell:Creating prefix util module '/home/user/ros2_ws/src/citylab_project/robot_patrol/install/_local_setup_util_sh.py'
[77.592s] INFO:colcon.colcon_core.shell:Creating prefix chain script '/home/user/ros2_ws/src/citylab_project/robot_patrol/install/setup.sh'
[77.595s] INFO:colcon.colcon_core.shell:Creating prefix script '/home/user/ros2_ws/src/citylab_project/robot_patrol/install/local_setup.bash'
[77.596s] INFO:colcon.colcon_core.shell:Creating prefix chain script '/home/user/ros2_ws/src/citylab_project/robot_patrol/install/setup.bash'
[77.600s] INFO:colcon.colcon_core.shell:Creating prefix script '/home/user/ros2_ws/src/citylab_project/robot_patrol/install/local_setup.zsh'
[77.601s] INFO:colcon.colcon_core.shell:Creating prefix chain script '/home/user/ros2_ws/src/citylab_project/robot_patrol/install/setup.zsh'
